Using pre-set license
Built from '2021.1/release' branch; Version is '2021.1.0f1 (61a549675243) revision 6399305'; Using compiler version '192528614'; Build Type 'Release'
OS: 'Windows 10 Pro; OS build 19044.1586; Version 2009; 64bit' Language: 'es' Physical Memory: 16267 MB
BatchMode: 1, IsHumanControllingUs: 0, StartBugReporterOnCrash: 0, Is64bit: 1, IsPro: 0

 COMMAND LINE ARGUMENTS:
C:\Program Files\Unity\Hub\Editor\2021.1.0f1\Editor\Unity.exe
-adb2
-batchMode
-noUpm
-name
AssetImportWorker0
-projectPath
C:/Users/Jaime/Timbiriche
-logFile
Logs/AssetImportWorker0.log
-srvPort
53563
Successfully changed project path to: C:/Users/Jaime/Timbiriche
C:/Users/Jaime/Timbiriche
Using Asset Import Pipeline V2.
Refreshing native plugins compatible for Editor in 87.19 ms, found 2 plugins.
Preloading 0 native plugins for Editor in 0.00 ms.
Initialize engine version: 2021.1.0f1 (61a549675243)
[Subsystems] Discovering subsystems at path C:/Program Files/Unity/Hub/Editor/2021.1.0f1/Editor/Data/Resources/UnitySubsystems
[Subsystems] Discovering subsystems at path C:/Users/Jaime/Timbiriche/Assets
GfxDevice: creating device client; threaded=0; jobified=0
Direct3D:
    Version:  Direct3D 11.0 [level 11.1]
    Renderer: NVIDIA GeForce GTX 1650 (ID=0x2188)
    Vendor:   NVIDIA
    VRAM:     3962 MB
    Driver:   30.0.14.9729
Initialize mono
Mono path[0] = 'C:/Program Files/Unity/Hub/Editor/2021.1.0f1/Editor/Data/Managed'
Mono path[1] = 'C:/Program Files/Unity/Hub/Editor/2021.1.0f1/Editor/Data/MonoBleedingEdge/lib/mono/unityjit'
Mono config path = 'C:/Program Files/Unity/Hub/Editor/2021.1.0f1/Editor/Data/MonoBleedingEdge/etc'
Using monoOptions --debugger-agent=transport=dt_socket,embedding=1,server=y,suspend=n,address=127.0.0.1:56916
Begin MonoManager ReloadAssembly
Registering precompiled unity dll's ...
Register platform support module: C:/Program Files/Unity/Hub/Editor/2021.1.0f1/Editor/Data/PlaybackEngines/WindowsStandaloneSupport/UnityEditor.WindowsStandalone.Extensions.dll
Registered in 0.001808 seconds.
Native extension for WindowsStandalone target not found
Refreshing native plugins compatible for Editor in 88.43 ms, found 2 plugins.
Preloading 0 native plugins for Editor in 0.00 ms.
Mono: successfully reloaded assembly
- Completed reload, in  1.127 seconds
Platform modules already initialized, skipping
Registering precompiled user dll's ...
Registered in 0.003243 seconds.
Begin MonoManager ReloadAssembly
Native extension for WindowsStandalone target not found
Refreshing native plugins compatible for Editor in 79.23 ms, found 2 plugins.
Preloading 0 native plugins for Editor in 0.00 ms.
Mono: successfully reloaded assembly
- Completed reload, in  0.955 seconds
Platform modules already initialized, skipping
========================================================================
Worker process is ready to serve import requests
Launched and connected shader compiler UnityShaderCompiler.exe after 0.03 seconds
Refreshing native plugins compatible for Editor in 0.57 ms, found 2 plugins.
Preloading 0 native plugins for Editor in 0.00 ms.
Unloading 3374 Unused Serialized files (Serialized files now loaded: 0)
System memory in use before: 127.7 MB.
System memory in use after: 127.8 MB.

Unloading 29 unused Assets to reduce memory usage. Loaded Objects now: 3827.
Total: 2.399900 ms (FindLiveObjects: 0.263600 ms CreateObjectMapping: 0.170200 ms MarkObjects: 1.867900 ms  DeleteObjects: 0.097100 ms)

========================================================================
Received Import Request.
  path: Assets/Scripts
  artifactKey: Guid(1ab1d5e0e8523f74195a5773dac3fe0d) Importer(815301076,1909f56bfc062723c751e8b465ee728b)
Start importing Assets/Scripts using Guid(1ab1d5e0e8523f74195a5773dac3fe0d) Importer(815301076,1909f56bfc062723c751e8b465ee728b)  -> (artifact id: '40becb9fef2413e72b5e998761eb435e') in 0.008908 seconds 
========================================================================
Received Import Request.
  Time since last request: 0.000283 seconds.
  path: Assets/Scenes
  artifactKey: Guid(5d2dc050c6747874ebed31002d83e1a4) Importer(815301076,1909f56bfc062723c751e8b465ee728b)
Start importing Assets/Scenes using Guid(5d2dc050c6747874ebed31002d83e1a4) Importer(815301076,1909f56bfc062723c751e8b465ee728b)  -> (artifact id: '0457d0e70b9e346840d51e5d7a6e64e9') in 0.005381 seconds 
========================================================================
Received Import Request.
  Time since last request: 3.171225 seconds.
  path: Assets/Prefabs/Line.prefab
  artifactKey: Guid(b360ffa18f2580943806efa1f13f1041) Importer(815301076,1909f56bfc062723c751e8b465ee728b)
Start importing Assets/Prefabs/Line.prefab using Guid(b360ffa18f2580943806efa1f13f1041) Importer(815301076,1909f56bfc062723c751e8b465ee728b)  -> (artifact id: '733626bb7272d268ece7285cc0353784') in 0.093760 seconds 
========================================================================
Received Import Request.
  Time since last request: 0.000249 seconds.
  path: Assets/Prefabs/Point.prefab
  artifactKey: Guid(5ab86a7b7bd76b64e8742d1d758856c8) Importer(815301076,1909f56bfc062723c751e8b465ee728b)
Start importing Assets/Prefabs/Point.prefab using Guid(5ab86a7b7bd76b64e8742d1d758856c8) Importer(815301076,1909f56bfc062723c751e8b465ee728b)  -> (artifact id: '6a584c06054c8a291e616a0554af97cd') in 0.014874 seconds 
========================================================================
Received Import Request.
  Time since last request: 0.000178 seconds.
  path: Assets/Prefabs/NameSquare.prefab
  artifactKey: Guid(cbbb0d80fa35b1a49bb4301e2094d126) Importer(815301076,1909f56bfc062723c751e8b465ee728b)
Start importing Assets/Prefabs/NameSquare.prefab using Guid(cbbb0d80fa35b1a49bb4301e2094d126) Importer(815301076,1909f56bfc062723c751e8b465ee728b)  -> (artifact id: 'a44081b2052dd198195fd8689792fd84') in 0.013293 seconds 
========================================================================
Received Import Request.
  Time since last request: 0.555238 seconds.
  path: Assets/Fonts/Blazed.ttf
  artifactKey: Guid(21e9169441b7ca643a676c37a613e5e1) Importer(815301076,1909f56bfc062723c751e8b465ee728b)
Start importing Assets/Fonts/Blazed.ttf using Guid(21e9169441b7ca643a676c37a613e5e1) Importer(815301076,1909f56bfc062723c751e8b465ee728b)  -> (artifact id: 'c5254801ced0e45b649f035ed36ffe8a') in 0.040249 seconds 
========================================================================
Received Import Request.
  Time since last request: 4.755426 seconds.
  path: Assets/Scenes/Draw.unity
  artifactKey: Guid(32e18f6492d7f834098c60bfb81b34cf) Importer(815301076,1909f56bfc062723c751e8b465ee728b)
Start importing Assets/Scenes/Draw.unity using Guid(32e18f6492d7f834098c60bfb81b34cf) Importer(815301076,1909f56bfc062723c751e8b465ee728b)  -> (artifact id: '089c7505dc7e54b93fded313470ab875') in 0.004716 seconds 
========================================================================
Received Import Request.
  Time since last request: 1.035885 seconds.
  path: Assets/Scenes/MenuScreen.unity
  artifactKey: Guid(f340ef2a392b5454f9d861be8cdce1fb) Importer(815301076,1909f56bfc062723c751e8b465ee728b)
Start importing Assets/Scenes/MenuScreen.unity using Guid(f340ef2a392b5454f9d861be8cdce1fb) Importer(815301076,1909f56bfc062723c751e8b465ee728b)  -> (artifact id: '29e9db6a7be49e76479de8962297f3f9') in 0.004448 seconds 
========================================================================
Received Import Request.
  Time since last request: 1.775600 seconds.
  path: Assets/Scenes/P1wins.unity
  artifactKey: Guid(e7c7296ae4df0cb419a3e2c48bf34bcb) Importer(815301076,1909f56bfc062723c751e8b465ee728b)
Start importing Assets/Scenes/P1wins.unity using Guid(e7c7296ae4df0cb419a3e2c48bf34bcb) Importer(815301076,1909f56bfc062723c751e8b465ee728b)  -> (artifact id: '2734ef7d0d4bf6ffc1d48dd41afa811a') in 0.018458 seconds 
========================================================================
Received Import Request.
  Time since last request: 0.474951 seconds.
  path: Assets/Scenes/P2wins.unity
  artifactKey: Guid(7023c00c5ecb03a479e9bc8dc9322e5c) Importer(815301076,1909f56bfc062723c751e8b465ee728b)
Start importing Assets/Scenes/P2wins.unity using Guid(7023c00c5ecb03a479e9bc8dc9322e5c) Importer(815301076,1909f56bfc062723c751e8b465ee728b)  -> (artifact id: '1c8154718824923fe882ad70245761f1') in 0.004569 seconds 
========================================================================
Received Prepare
Refreshing native plugins compatible for Editor in 2.65 ms, found 2 plugins.
Preloading 0 native plugins for Editor in 0.00 ms.
Unloading 15 Unused Serialized files (Serialized files now loaded: 0)
System memory in use before: 65.3 MB.
System memory in use after: 65.4 MB.

Unloading 15 unused Assets to reduce memory usage. Loaded Objects now: 3872.
Total: 2.713500 ms (FindLiveObjects: 0.320600 ms CreateObjectMapping: 0.223200 ms MarkObjects: 2.085800 ms  DeleteObjects: 0.083000 ms)

========================================================================
Received Prepare
Registering precompiled user dll's ...
Registered in 0.003015 seconds.
Begin MonoManager ReloadAssembly
Native extension for WindowsStandalone target not found
Refreshing native plugins compatible for Editor in 0.69 ms, found 2 plugins.
Preloading 0 native plugins for Editor in 0.00 ms.
Mono: successfully reloaded assembly
- Completed reload, in  0.910 seconds
Platform modules already initialized, skipping
Refreshing native plugins compatible for Editor in 0.65 ms, found 2 plugins.
Preloading 0 native plugins for Editor in 0.00 ms.
Unloading 3370 Unused Serialized files (Serialized files now loaded: 0)
System memory in use before: 132.2 MB.
System memory in use after: 132.3 MB.

Unloading 17 unused Assets to reduce memory usage. Loaded Objects now: 3890.
Total: 2.383500 ms (FindLiveObjects: 0.316300 ms CreateObjectMapping: 0.228400 ms MarkObjects: 1.749200 ms  DeleteObjects: 0.088600 ms)

AssetImportWorkerClient::OnTransportError - code=2 error=End of file
